{"D:\\AgileGroup\\Davance-Backend\\models\\User.js": {"path":"D:\\AgileGroup\\Davance-Backend\\models\\User.js","statementMap":{"0":{"start":{"line":1,"column":17},"end":{"line":1,"column":36}},"1":{"start":{"line":3,"column":19},"end":{"line":40,"column":22}},"2":{"start":{"line":41,"column":0},"end":{"line":41,"column":52}}},"fnMap":{},"branchMap":{},"s":{"0":1,"1":1,"2":1},"f":{},"b":{},"_coverageSchema":"1a1c01bbd47fc00a2c39e90264f33305004495a9","hash":"1eb9622307d775b08af43c74a65d74ea7306d224"}
,"D:\\AgileGroup\\Davance-Backend\\router\\userRouter.js": {"path":"D:\\AgileGroup\\Davance-Backend\\router\\userRouter.js","statementMap":{"0":{"start":{"line":1,"column":16},"end":{"line":1,"column":34}},"1":{"start":{"line":2,"column":15},"end":{"line":2,"column":31}},"2":{"start":{"line":3,"column":15},"end":{"line":3,"column":34}},"3":{"start":{"line":4,"column":13},"end":{"line":4,"column":38}},"4":{"start":{"line":5,"column":12},"end":{"line":5,"column":35}},"5":{"start":{"line":6,"column":19},"end":{"line":6,"column":52}},"6":{"start":{"line":8,"column":0},"end":{"line":61,"column":2}},"7":{"start":{"line":9,"column":30},"end":{"line":9,"column":68}},"8":{"start":{"line":10,"column":2},"end":{"line":15,"column":3}},"9":{"start":{"line":11,"column":4},"end":{"line":14,"column":7}},"10":{"start":{"line":16,"column":62},"end":{"line":16,"column":70}},"11":{"start":{"line":17,"column":2},"end":{"line":60,"column":15}},"12":{"start":{"line":19,"column":6},"end":{"line":23,"column":7}},"13":{"start":{"line":20,"column":18},"end":{"line":20,"column":50}},"14":{"start":{"line":21,"column":8},"end":{"line":21,"column":25}},"15":{"start":{"line":22,"column":8},"end":{"line":22,"column":25}},"16":{"start":{"line":24,"column":6},"end":{"line":58,"column":20}},"17":{"start":{"line":27,"column":10},"end":{"line":57,"column":23}},"18":{"start":{"line":37,"column":26},"end":{"line":44,"column":13}},"19":{"start":{"line":45,"column":12},"end":{"line":55,"column":15}},"20":{"start":{"line":46,"column":16},"end":{"line":48,"column":17}},"21":{"start":{"line":47,"column":20},"end":{"line":47,"column":37}},"22":{"start":{"line":49,"column":16},"end":{"line":54,"column":19}},"23":{"start":{"line":62,"column":0},"end":{"line":101,"column":3}},"24":{"start":{"line":63,"column":31},"end":{"line":63,"column":39}},"25":{"start":{"line":64,"column":2},"end":{"line":100,"column":17}},"26":{"start":{"line":66,"column":6},"end":{"line":70,"column":7}},"27":{"start":{"line":67,"column":18},"end":{"line":67,"column":46}},"28":{"start":{"line":68,"column":8},"end":{"line":68,"column":25}},"29":{"start":{"line":69,"column":8},"end":{"line":69,"column":25}},"30":{"start":{"line":71,"column":6},"end":{"line":98,"column":21}},"31":{"start":{"line":74,"column":10},"end":{"line":78,"column":11}},"32":{"start":{"line":75,"column":22},"end":{"line":75,"column":58}},"33":{"start":{"line":76,"column":12},"end":{"line":76,"column":29}},"34":{"start":{"line":77,"column":12},"end":{"line":77,"column":29}},"35":{"start":{"line":79,"column":24},"end":{"line":85,"column":11}},"36":{"start":{"line":86,"column":10},"end":{"line":96,"column":13}},"37":{"start":{"line":87,"column":12},"end":{"line":89,"column":13}},"38":{"start":{"line":88,"column":14},"end":{"line":88,"column":31}},"39":{"start":{"line":90,"column":12},"end":{"line":95,"column":15}},"40":{"start":{"line":102,"column":0},"end":{"line":102,"column":24}}},"fnMap":{"0":{"name":"(anonymous_0)","decl":{"start":{"line":8,"column":25},"end":{"line":8,"column":26}},"loc":{"start":{"line":8,"column":45},"end":{"line":61,"column":1}},"line":8},"1":{"name":"(anonymous_1)","decl":{"start":{"line":18,"column":10},"end":{"line":18,"column":11}},"loc":{"start":{"line":18,"column":20},"end":{"line":60,"column":1}},"line":18},"2":{"name":"(anonymous_2)","decl":{"start":{"line":26,"column":14},"end":{"line":26,"column":15}},"loc":{"start":{"line":26,"column":26},"end":{"line":58,"column":5}},"line":26},"3":{"name":"(anonymous_3)","decl":{"start":{"line":36,"column":14},"end":{"line":36,"column":15}},"loc":{"start":{"line":36,"column":22},"end":{"line":57,"column":9}},"line":36},"4":{"name":"(anonymous_4)","decl":{"start":{"line":45,"column":50},"end":{"line":45,"column":51}},"loc":{"start":{"line":45,"column":64},"end":{"line":55,"column":13}},"line":45},"5":{"name":"(anonymous_5)","decl":{"start":{"line":62,"column":22},"end":{"line":62,"column":23}},"loc":{"start":{"line":62,"column":42},"end":{"line":101,"column":1}},"line":62},"6":{"name":"(anonymous_6)","decl":{"start":{"line":65,"column":10},"end":{"line":65,"column":11}},"loc":{"start":{"line":65,"column":20},"end":{"line":99,"column":5}},"line":65},"7":{"name":"(anonymous_7)","decl":{"start":{"line":73,"column":14},"end":{"line":73,"column":15}},"loc":{"start":{"line":73,"column":29},"end":{"line":97,"column":9}},"line":73},"8":{"name":"(anonymous_8)","decl":{"start":{"line":86,"column":48},"end":{"line":86,"column":49}},"loc":{"start":{"line":86,"column":64},"end":{"line":96,"column":11}},"line":86}},"branchMap":{"0":{"loc":{"start":{"line":10,"column":2},"end":{"line":15,"column":3}},"type":"if","locations":[{"start":{"line":10,"column":2},"end":{"line":15,"column":3}},{"start":{"line":10,"column":2},"end":{"line":15,"column":3}}],"line":10},"1":{"loc":{"start":{"line":19,"column":6},"end":{"line":23,"column":7}},"type":"if","locations":[{"start":{"line":19,"column":6},"end":{"line":23,"column":7}},{"start":{"line":19,"column":6},"end":{"line":23,"column":7}}],"line":19},"2":{"loc":{"start":{"line":46,"column":16},"end":{"line":48,"column":17}},"type":"if","locations":[{"start":{"line":46,"column":16},"end":{"line":48,"column":17}},{"start":{"line":46,"column":16},"end":{"line":48,"column":17}}],"line":46},"3":{"loc":{"start":{"line":66,"column":6},"end":{"line":70,"column":7}},"type":"if","locations":[{"start":{"line":66,"column":6},"end":{"line":70,"column":7}},{"start":{"line":66,"column":6},"end":{"line":70,"column":7}}],"line":66},"4":{"loc":{"start":{"line":74,"column":10},"end":{"line":78,"column":11}},"type":"if","locations":[{"start":{"line":74,"column":10},"end":{"line":78,"column":11}},{"start":{"line":74,"column":10},"end":{"line":78,"column":11}}],"line":74},"5":{"loc":{"start":{"line":87,"column":12},"end":{"line":89,"column":13}},"type":"if","locations":[{"start":{"line":87,"column":12},"end":{"line":89,"column":13}},{"start":{"line":87,"column":12},"end":{"line":89,"column":13}}],"line":87}},"s":{"0":1,"1":1,"2":1,"3":1,"4":1,"5":1,"6":1,"7":2,"8":2,"9":1,"10":2,"11":2,"12":1,"13":0,"14":0,"15":0,"16":1,"17":1,"18":1,"19":1,"20":1,"21":0,"22":1,"23":1,"24":0,"25":0,"26":0,"27":0,"28":0,"29":0,"30":0,"31":0,"32":0,"33":0,"34":0,"35":0,"36":0,"37":0,"38":0,"39":0,"40":1},"f":{"0":2,"1":1,"2":1,"3":1,"4":1,"5":0,"6":0,"7":0,"8":0},"b":{"0":[1,1],"1":[0,1],"2":[0,1],"3":[0,0],"4":[0,0],"5":[0,0]},"_coverageSchema":"1a1c01bbd47fc00a2c39e90264f33305004495a9","hash":"446a683f71520a4ec6804aed29f988f069643e8c"}
,"D:\\AgileGroup\\Davance-Backend\\tddTesting\\setup.js": {"path":"D:\\AgileGroup\\Davance-Backend\\tddTesting\\setup.js","statementMap":{"0":{"start":{"line":1,"column":17},"end":{"line":1,"column":36}},"1":{"start":{"line":2,"column":0},"end":{"line":14,"column":2}},"2":{"start":{"line":3,"column":4},"end":{"line":13,"column":6}},"3":{"start":{"line":8,"column":8},"end":{"line":8,"column":37}},"4":{"start":{"line":9,"column":8},"end":{"line":9,"column":15}},"5":{"start":{"line":11,"column":8},"end":{"line":11,"column":27}},"6":{"start":{"line":12,"column":8},"end":{"line":12,"column":24}},"7":{"start":{"line":16,"column":0},"end":{"line":21,"column":2}},"8":{"start":{"line":17,"column":4},"end":{"line":20,"column":7}},"9":{"start":{"line":18,"column":8},"end":{"line":18,"column":41}},"10":{"start":{"line":19,"column":8},"end":{"line":19,"column":15}}},"fnMap":{"0":{"name":"(anonymous_0)","decl":{"start":{"line":2,"column":10},"end":{"line":2,"column":11}},"loc":{"start":{"line":2,"column":20},"end":{"line":14,"column":1}},"line":2},"1":{"name":"(anonymous_1)","decl":{"start":{"line":7,"column":12},"end":{"line":7,"column":13}},"loc":{"start":{"line":7,"column":20},"end":{"line":10,"column":5}},"line":7},"2":{"name":"(anonymous_2)","decl":{"start":{"line":10,"column":13},"end":{"line":10,"column":14}},"loc":{"start":{"line":10,"column":22},"end":{"line":13,"column":5}},"line":10},"3":{"name":"(anonymous_3)","decl":{"start":{"line":16,"column":9},"end":{"line":16,"column":10}},"loc":{"start":{"line":16,"column":19},"end":{"line":21,"column":1}},"line":16},"4":{"name":"(anonymous_4)","decl":{"start":{"line":17,"column":31},"end":{"line":17,"column":32}},"loc":{"start":{"line":17,"column":37},"end":{"line":20,"column":5}},"line":17}},"branchMap":{},"s":{"0":1,"1":1,"2":1,"3":1,"4":1,"5":0,"6":0,"7":1,"8":1,"9":1,"10":1},"f":{"0":1,"1":1,"2":0,"3":1,"4":1},"b":{},"_coverageSchema":"1a1c01bbd47fc00a2c39e90264f33305004495a9","hash":"f8c4271e5984859f027ed0e65fd0859dc1203675"}
,"D:\\AgileGroup\\Davance-Backend\\validator\\validator.js": {"path":"D:\\AgileGroup\\Davance-Backend\\validator\\validator.js","statementMap":{"0":{"start":{"line":1,"column":18},"end":{"line":1,"column":38}},"1":{"start":{"line":3,"column":26},"end":{"line":34,"column":1}},"2":{"start":{"line":4,"column":15},"end":{"line":4,"column":17}},"3":{"start":{"line":5,"column":2},"end":{"line":11,"column":3}},"4":{"start":{"line":6,"column":4},"end":{"line":8,"column":5}},"5":{"start":{"line":7,"column":6},"end":{"line":7,"column":64}},"6":{"start":{"line":10,"column":4},"end":{"line":10,"column":46}},"7":{"start":{"line":12,"column":2},"end":{"line":20,"column":3}},"8":{"start":{"line":13,"column":4},"end":{"line":17,"column":5}},"9":{"start":{"line":14,"column":6},"end":{"line":14,"column":64}},"10":{"start":{"line":15,"column":11},"end":{"line":17,"column":5}},"11":{"start":{"line":16,"column":6},"end":{"line":16,"column":70}},"12":{"start":{"line":19,"column":4},"end":{"line":19,"column":46}},"13":{"start":{"line":22,"column":2},"end":{"line":28,"column":3}},"14":{"start":{"line":23,"column":4},"end":{"line":25,"column":5}},"15":{"start":{"line":24,"column":6},"end":{"line":24,"column":39}},"16":{"start":{"line":27,"column":4},"end":{"line":27,"column":39}},"17":{"start":{"line":30,"column":2},"end":{"line":33,"column":4}},"18":{"start":{"line":35,"column":0},"end":{"line":35,"column":39}}},"fnMap":{"0":{"name":"(anonymous_0)","decl":{"start":{"line":3,"column":26},"end":{"line":3,"column":27}},"loc":{"start":{"line":3,"column":36},"end":{"line":34,"column":1}},"line":3}},"branchMap":{"0":{"loc":{"start":{"line":5,"column":2},"end":{"line":11,"column":3}},"type":"if","locations":[{"start":{"line":5,"column":2},"end":{"line":11,"column":3}},{"start":{"line":5,"column":2},"end":{"line":11,"column":3}}],"line":5},"1":{"loc":{"start":{"line":6,"column":4},"end":{"line":8,"column":5}},"type":"if","locations":[{"start":{"line":6,"column":4},"end":{"line":8,"column":5}},{"start":{"line":6,"column":4},"end":{"line":8,"column":5}}],"line":6},"2":{"loc":{"start":{"line":12,"column":2},"end":{"line":20,"column":3}},"type":"if","locations":[{"start":{"line":12,"column":2},"end":{"line":20,"column":3}},{"start":{"line":12,"column":2},"end":{"line":20,"column":3}}],"line":12},"3":{"loc":{"start":{"line":13,"column":4},"end":{"line":17,"column":5}},"type":"if","locations":[{"start":{"line":13,"column":4},"end":{"line":17,"column":5}},{"start":{"line":13,"column":4},"end":{"line":17,"column":5}}],"line":13},"4":{"loc":{"start":{"line":15,"column":11},"end":{"line":17,"column":5}},"type":"if","locations":[{"start":{"line":15,"column":11},"end":{"line":17,"column":5}},{"start":{"line":15,"column":11},"end":{"line":17,"column":5}}],"line":15},"5":{"loc":{"start":{"line":22,"column":2},"end":{"line":28,"column":3}},"type":"if","locations":[{"start":{"line":22,"column":2},"end":{"line":28,"column":3}},{"start":{"line":22,"column":2},"end":{"line":28,"column":3}}],"line":22},"6":{"loc":{"start":{"line":23,"column":4},"end":{"line":25,"column":5}},"type":"if","locations":[{"start":{"line":23,"column":4},"end":{"line":25,"column":5}},{"start":{"line":23,"column":4},"end":{"line":25,"column":5}}],"line":23}},"s":{"0":1,"1":1,"2":2,"3":2,"4":2,"5":0,"6":0,"7":2,"8":2,"9":0,"10":2,"11":0,"12":0,"13":2,"14":1,"15":0,"16":1,"17":2,"18":1},"f":{"0":2},"b":{"0":[2,0],"1":[0,2],"2":[2,0],"3":[0,2],"4":[0,2],"5":[1,1],"6":[0,1]},"_coverageSchema":"1a1c01bbd47fc00a2c39e90264f33305004495a9","hash":"3358cfc2788bf54a5ee7b9f6315ca9c2a6fdbe47"}
}
