{"D:\\AgileGroup\\New folder (2)\\Davance-Backend\\models\\Hotel.js": {"path":"D:\\AgileGroup\\New folder (2)\\Davance-Backend\\models\\Hotel.js","statementMap":{"0":{"start":{"line":1,"column":17},"end":{"line":1,"column":36}},"1":{"start":{"line":2,"column":20},"end":{"line":68,"column":22}},"2":{"start":{"line":69,"column":0},"end":{"line":69,"column":54}}},"fnMap":{},"branchMap":{},"s":{"0":1,"1":1,"2":1},"f":{},"b":{},"_coverageSchema":"1a1c01bbd47fc00a2c39e90264f33305004495a9","hash":"86dca7f83f0610846ed45d0e85e068260d6a961b"}
,"D:\\AgileGroup\\New folder (2)\\Davance-Backend\\models\\Room.js": {"path":"D:\\AgileGroup\\New folder (2)\\Davance-Backend\\models\\Room.js","statementMap":{"0":{"start":{"line":1,"column":17},"end":{"line":1,"column":36}},"1":{"start":{"line":2,"column":19},"end":{"line":40,"column":21}},"2":{"start":{"line":41,"column":0},"end":{"line":41,"column":52}}},"fnMap":{},"branchMap":{},"s":{"0":1,"1":1,"2":1},"f":{},"b":{},"_coverageSchema":"1a1c01bbd47fc00a2c39e90264f33305004495a9","hash":"32ee0b3e16093fd3c8d2fcf9a80b3ce083a70972"}
,"D:\\AgileGroup\\New folder (2)\\Davance-Backend\\models\\User.js": {"path":"D:\\AgileGroup\\New folder (2)\\Davance-Backend\\models\\User.js","statementMap":{"0":{"start":{"line":1,"column":17},"end":{"line":1,"column":36}},"1":{"start":{"line":3,"column":19},"end":{"line":40,"column":22}},"2":{"start":{"line":41,"column":0},"end":{"line":41,"column":52}}},"fnMap":{},"branchMap":{},"s":{"0":2,"1":2,"2":2},"f":{},"b":{},"_coverageSchema":"1a1c01bbd47fc00a2c39e90264f33305004495a9","hash":"99f112c1e57f5c9dcdf07c1a07452bf5cff302d4"}
,"D:\\AgileGroup\\New folder (2)\\Davance-Backend\\router\\Authorization.js": {"path":"D:\\AgileGroup\\New folder (2)\\Davance-Backend\\router\\Authorization.js","statementMap":{"0":{"start":{"line":1,"column":12},"end":{"line":1,"column":35}},"1":{"start":{"line":4,"column":19},"end":{"line":4,"column":44}},"2":{"start":{"line":5,"column":2},"end":{"line":9,"column":3}},"3":{"start":{"line":6,"column":14},"end":{"line":6,"column":64}},"4":{"start":{"line":7,"column":4},"end":{"line":7,"column":21}},"5":{"start":{"line":8,"column":4},"end":{"line":8,"column":21}},"6":{"start":{"line":10,"column":2},"end":{"line":10,"column":26}},"7":{"start":{"line":11,"column":14},"end":{"line":11,"column":38}},"8":{"start":{"line":12,"column":2},"end":{"line":20,"column":5}},"9":{"start":{"line":13,"column":4},"end":{"line":16,"column":5}},"10":{"start":{"line":14,"column":16},"end":{"line":14,"column":56}},"11":{"start":{"line":15,"column":6},"end":{"line":15,"column":23}},"12":{"start":{"line":17,"column":4},"end":{"line":17,"column":23}},"13":{"start":{"line":18,"column":5},"end":{"line":18,"column":26}},"14":{"start":{"line":19,"column":4},"end":{"line":19,"column":11}},"15":{"start":{"line":23,"column":2},"end":{"line":31,"column":3}},"16":{"start":{"line":24,"column":14},"end":{"line":24,"column":47}},"17":{"start":{"line":25,"column":4},"end":{"line":25,"column":21}},"18":{"start":{"line":26,"column":4},"end":{"line":26,"column":21}},"19":{"start":{"line":27,"column":9},"end":{"line":31,"column":3}},"20":{"start":{"line":28,"column":14},"end":{"line":28,"column":37}},"21":{"start":{"line":29,"column":4},"end":{"line":29,"column":21}},"22":{"start":{"line":30,"column":4},"end":{"line":30,"column":21}},"23":{"start":{"line":32,"column":2},"end":{"line":32,"column":9}},"24":{"start":{"line":36,"column":2},"end":{"line":44,"column":3}},"25":{"start":{"line":37,"column":14},"end":{"line":37,"column":47}},"26":{"start":{"line":38,"column":4},"end":{"line":38,"column":21}},"27":{"start":{"line":39,"column":4},"end":{"line":39,"column":21}},"28":{"start":{"line":40,"column":9},"end":{"line":44,"column":3}},"29":{"start":{"line":41,"column":14},"end":{"line":41,"column":37}},"30":{"start":{"line":42,"column":4},"end":{"line":42,"column":21}},"31":{"start":{"line":43,"column":4},"end":{"line":43,"column":21}},"32":{"start":{"line":45,"column":2},"end":{"line":45,"column":9}},"33":{"start":{"line":49,"column":4},"end":{"line":57,"column":5}},"34":{"start":{"line":50,"column":16},"end":{"line":50,"column":49}},"35":{"start":{"line":51,"column":6},"end":{"line":51,"column":23}},"36":{"start":{"line":52,"column":6},"end":{"line":52,"column":23}},"37":{"start":{"line":53,"column":11},"end":{"line":57,"column":5}},"38":{"start":{"line":54,"column":16},"end":{"line":54,"column":39}},"39":{"start":{"line":55,"column":6},"end":{"line":55,"column":23}},"40":{"start":{"line":56,"column":6},"end":{"line":56,"column":23}},"41":{"start":{"line":58,"column":4},"end":{"line":58,"column":11}},"42":{"start":{"line":61,"column":0},"end":{"line":67,"column":2}}},"fnMap":{"0":{"name":"verifyUser","decl":{"start":{"line":3,"column":9},"end":{"line":3,"column":19}},"loc":{"start":{"line":3,"column":36},"end":{"line":21,"column":1}},"line":3},"1":{"name":"(anonymous_1)","decl":{"start":{"line":12,"column":40},"end":{"line":12,"column":41}},"loc":{"start":{"line":12,"column":58},"end":{"line":20,"column":3}},"line":12},"2":{"name":"verifyGuest","decl":{"start":{"line":22,"column":9},"end":{"line":22,"column":20}},"loc":{"start":{"line":22,"column":37},"end":{"line":33,"column":1}},"line":22},"3":{"name":"verifyhotelOwner","decl":{"start":{"line":35,"column":9},"end":{"line":35,"column":25}},"loc":{"start":{"line":35,"column":42},"end":{"line":46,"column":1}},"line":35},"4":{"name":"verifyAdmin","decl":{"start":{"line":48,"column":9},"end":{"line":48,"column":20}},"loc":{"start":{"line":48,"column":37},"end":{"line":59,"column":3}},"line":48}},"branchMap":{"0":{"loc":{"start":{"line":5,"column":2},"end":{"line":9,"column":3}},"type":"if","locations":[{"start":{"line":5,"column":2},"end":{"line":9,"column":3}},{"start":{"line":5,"column":2},"end":{"line":9,"column":3}}],"line":5},"1":{"loc":{"start":{"line":13,"column":4},"end":{"line":16,"column":5}},"type":"if","locations":[{"start":{"line":13,"column":4},"end":{"line":16,"column":5}},{"start":{"line":13,"column":4},"end":{"line":16,"column":5}}],"line":13},"2":{"loc":{"start":{"line":23,"column":2},"end":{"line":31,"column":3}},"type":"if","locations":[{"start":{"line":23,"column":2},"end":{"line":31,"column":3}},{"start":{"line":23,"column":2},"end":{"line":31,"column":3}}],"line":23},"3":{"loc":{"start":{"line":27,"column":9},"end":{"line":31,"column":3}},"type":"if","locations":[{"start":{"line":27,"column":9},"end":{"line":31,"column":3}},{"start":{"line":27,"column":9},"end":{"line":31,"column":3}}],"line":27},"4":{"loc":{"start":{"line":36,"column":2},"end":{"line":44,"column":3}},"type":"if","locations":[{"start":{"line":36,"column":2},"end":{"line":44,"column":3}},{"start":{"line":36,"column":2},"end":{"line":44,"column":3}}],"line":36},"5":{"loc":{"start":{"line":40,"column":9},"end":{"line":44,"column":3}},"type":"if","locations":[{"start":{"line":40,"column":9},"end":{"line":44,"column":3}},{"start":{"line":40,"column":9},"end":{"line":44,"column":3}}],"line":40},"6":{"loc":{"start":{"line":49,"column":4},"end":{"line":57,"column":5}},"type":"if","locations":[{"start":{"line":49,"column":4},"end":{"line":57,"column":5}},{"start":{"line":49,"column":4},"end":{"line":57,"column":5}}],"line":49},"7":{"loc":{"start":{"line":53,"column":11},"end":{"line":57,"column":5}},"type":"if","locations":[{"start":{"line":53,"column":11},"end":{"line":57,"column":5}},{"start":{"line":53,"column":11},"end":{"line":57,"column":5}}],"line":53}},"s":{"0":1,"1":1,"2":1,"3":0,"4":0,"5":0,"6":1,"7":1,"8":1,"9":1,"10":0,"11":0,"12":1,"13":1,"14":1,"15":0,"16":0,"17":0,"18":0,"19":0,"20":0,"21":0,"22":0,"23":0,"24":1,"25":0,"26":0,"27":0,"28":1,"29":0,"30":0,"31":0,"32":1,"33":0,"34":0,"35":0,"36":0,"37":0,"38":0,"39":0,"40":0,"41":0,"42":1},"f":{"0":1,"1":1,"2":0,"3":1,"4":0},"b":{"0":[0,1],"1":[0,1],"2":[0,0],"3":[0,0],"4":[0,1],"5":[0,1],"6":[0,0],"7":[0,0]},"_coverageSchema":"1a1c01bbd47fc00a2c39e90264f33305004495a9","hash":"1d491cb2430f8f243b6c3c3c645707679338d276"}
,"D:\\AgileGroup\\New folder (2)\\Davance-Backend\\router\\hotelRouter.js": {"path":"D:\\AgileGroup\\New folder (2)\\Davance-Backend\\router\\hotelRouter.js","statementMap":{"0":{"start":{"line":1,"column":16},"end":{"line":1,"column":34}},"1":{"start":{"line":2,"column":15},"end":{"line":2,"column":31}},"2":{"start":{"line":3,"column":14},"end":{"line":3,"column":40}},"3":{"start":{"line":4,"column":13},"end":{"line":4,"column":38}},"4":{"start":{"line":5,"column":13},"end":{"line":5,"column":39}},"5":{"start":{"line":7,"column":0},"end":{"line":48,"column":5}},"6":{"start":{"line":9,"column":2},"end":{"line":14,"column":1}},"7":{"start":{"line":10,"column":3},"end":{"line":13,"column":15}},"8":{"start":{"line":12,"column":2},"end":{"line":12,"column":18}},"9":{"start":{"line":15,"column":4},"end":{"line":18,"column":19}},"10":{"start":{"line":17,"column":8},"end":{"line":17,"column":25}},"11":{"start":{"line":22,"column":45},"end":{"line":22,"column":53}},"12":{"start":{"line":23,"column":0},"end":{"line":38,"column":17}},"13":{"start":{"line":25,"column":2},"end":{"line":29,"column":3}},"14":{"start":{"line":26,"column":14},"end":{"line":26,"column":49}},"15":{"start":{"line":27,"column":4},"end":{"line":27,"column":21}},"16":{"start":{"line":28,"column":4},"end":{"line":28,"column":21}},"17":{"start":{"line":30,"column":4},"end":{"line":36,"column":19}},"18":{"start":{"line":34,"column":8},"end":{"line":34,"column":36}},"19":{"start":{"line":42,"column":4},"end":{"line":46,"column":21}},"20":{"start":{"line":44,"column":12},"end":{"line":44,"column":28}},"21":{"start":{"line":50,"column":0},"end":{"line":72,"column":4}},"22":{"start":{"line":52,"column":4},"end":{"line":63,"column":19}},"23":{"start":{"line":55,"column":8},"end":{"line":61,"column":11}},"24":{"start":{"line":56,"column":8},"end":{"line":56,"column":24}},"25":{"start":{"line":58,"column":22},"end":{"line":58,"column":50}},"26":{"start":{"line":59,"column":12},"end":{"line":59,"column":29}},"27":{"start":{"line":60,"column":12},"end":{"line":60,"column":22}},"28":{"start":{"line":67,"column":4},"end":{"line":71,"column":19}},"29":{"start":{"line":69,"column":8},"end":{"line":69,"column":31}},"30":{"start":{"line":75,"column":0},"end":{"line":112,"column":3}},"31":{"start":{"line":78,"column":2},"end":{"line":83,"column":17}},"32":{"start":{"line":81,"column":6},"end":{"line":81,"column":30}},"33":{"start":{"line":87,"column":32},"end":{"line":87,"column":40}},"34":{"start":{"line":88,"column":2},"end":{"line":96,"column":5}},"35":{"start":{"line":89,"column":4},"end":{"line":89,"column":49}},"36":{"start":{"line":90,"column":4},"end":{"line":95,"column":19}},"37":{"start":{"line":93,"column":8},"end":{"line":93,"column":43}},"38":{"start":{"line":101,"column":4},"end":{"line":111,"column":17}},"39":{"start":{"line":103,"column":6},"end":{"line":103,"column":25}},"40":{"start":{"line":104,"column":6},"end":{"line":109,"column":21}},"41":{"start":{"line":107,"column":10},"end":{"line":107,"column":41}},"42":{"start":{"line":114,"column":0},"end":{"line":151,"column":3}},"43":{"start":{"line":117,"column":2},"end":{"line":122,"column":17}},"44":{"start":{"line":120,"column":6},"end":{"line":120,"column":31}},"45":{"start":{"line":127,"column":2},"end":{"line":135,"column":5}},"46":{"start":{"line":128,"column":4},"end":{"line":128,"column":34}},"47":{"start":{"line":129,"column":4},"end":{"line":134,"column":19}},"48":{"start":{"line":132,"column":8},"end":{"line":132,"column":43}},"49":{"start":{"line":140,"column":4},"end":{"line":150,"column":17}},"50":{"start":{"line":142,"column":6},"end":{"line":142,"column":26}},"51":{"start":{"line":143,"column":6},"end":{"line":148,"column":21}},"52":{"start":{"line":146,"column":10},"end":{"line":146,"column":42}},"53":{"start":{"line":153,"column":0},"end":{"line":182,"column":2}},"54":{"start":{"line":156,"column":2},"end":{"line":160,"column":17}},"55":{"start":{"line":159,"column":4},"end":{"line":159,"column":26}},"56":{"start":{"line":164,"column":59},"end":{"line":164,"column":67}},"57":{"start":{"line":165,"column":2},"end":{"line":181,"column":17}},"58":{"start":{"line":174,"column":0},"end":{"line":179,"column":15}},"59":{"start":{"line":177,"column":2},"end":{"line":177,"column":27}},"60":{"start":{"line":178,"column":2},"end":{"line":178,"column":14}},"61":{"start":{"line":180,"column":0},"end":{"line":180,"column":27}},"62":{"start":{"line":184,"column":0},"end":{"line":219,"column":2}},"63":{"start":{"line":187,"column":2},"end":{"line":197,"column":17}},"64":{"start":{"line":190,"column":4},"end":{"line":196,"column":5}},"65":{"start":{"line":191,"column":6},"end":{"line":191,"column":21}},"66":{"start":{"line":193,"column":16},"end":{"line":193,"column":44}},"67":{"start":{"line":194,"column":6},"end":{"line":194,"column":23}},"68":{"start":{"line":195,"column":6},"end":{"line":195,"column":16}},"69":{"start":{"line":202,"column":2},"end":{"line":211,"column":17}},"70":{"start":{"line":204,"column":4},"end":{"line":210,"column":19}},"71":{"start":{"line":209,"column":6},"end":{"line":209,"column":28}},"72":{"start":{"line":215,"column":2},"end":{"line":218,"column":17}},"73":{"start":{"line":217,"column":4},"end":{"line":217,"column":20}},"74":{"start":{"line":221,"column":0},"end":{"line":221,"column":24}}},"fnMap":{"0":{"name":"(anonymous_0)","decl":{"start":{"line":8,"column":5},"end":{"line":8,"column":6}},"loc":{"start":{"line":8,"column":27},"end":{"line":19,"column":1}},"line":8},"1":{"name":"(anonymous_1)","decl":{"start":{"line":11,"column":6},"end":{"line":11,"column":7}},"loc":{"start":{"line":11,"column":15},"end":{"line":13,"column":1}},"line":11},"2":{"name":"(anonymous_2)","decl":{"start":{"line":16,"column":11},"end":{"line":16,"column":12}},"loc":{"start":{"line":16,"column":23},"end":{"line":18,"column":5}},"line":16},"3":{"name":"(anonymous_3)","decl":{"start":{"line":21,"column":28},"end":{"line":21,"column":29}},"loc":{"start":{"line":21,"column":48},"end":{"line":39,"column":3}},"line":21},"4":{"name":"(anonymous_4)","decl":{"start":{"line":24,"column":6},"end":{"line":24,"column":7}},"loc":{"start":{"line":24,"column":17},"end":{"line":37,"column":5}},"line":24},"5":{"name":"(anonymous_5)","decl":{"start":{"line":32,"column":10},"end":{"line":32,"column":11}},"loc":{"start":{"line":32,"column":21},"end":{"line":35,"column":7}},"line":32},"6":{"name":"(anonymous_6)","decl":{"start":{"line":41,"column":10},"end":{"line":41,"column":11}},"loc":{"start":{"line":41,"column":30},"end":{"line":48,"column":3}},"line":41},"7":{"name":"(anonymous_7)","decl":{"start":{"line":43,"column":11},"end":{"line":43,"column":12}},"loc":{"start":{"line":43,"column":22},"end":{"line":45,"column":9}},"line":43},"8":{"name":"(anonymous_8)","decl":{"start":{"line":51,"column":5},"end":{"line":51,"column":6}},"loc":{"start":{"line":51,"column":24},"end":{"line":64,"column":1}},"line":51},"9":{"name":"(anonymous_9)","decl":{"start":{"line":54,"column":10},"end":{"line":54,"column":11}},"loc":{"start":{"line":54,"column":21},"end":{"line":63,"column":5}},"line":54},"10":{"name":"(anonymous_10)","decl":{"start":{"line":66,"column":5},"end":{"line":66,"column":6}},"loc":{"start":{"line":66,"column":25},"end":{"line":72,"column":3}},"line":66},"11":{"name":"(anonymous_11)","decl":{"start":{"line":68,"column":10},"end":{"line":68,"column":11}},"loc":{"start":{"line":68,"column":28},"end":{"line":70,"column":7}},"line":68},"12":{"name":"(anonymous_12)","decl":{"start":{"line":77,"column":5},"end":{"line":77,"column":6}},"loc":{"start":{"line":77,"column":25},"end":{"line":84,"column":1}},"line":77},"13":{"name":"(anonymous_13)","decl":{"start":{"line":80,"column":10},"end":{"line":80,"column":11}},"loc":{"start":{"line":80,"column":21},"end":{"line":82,"column":5}},"line":80},"14":{"name":"(anonymous_14)","decl":{"start":{"line":86,"column":6},"end":{"line":86,"column":7}},"loc":{"start":{"line":86,"column":26},"end":{"line":97,"column":1}},"line":86},"15":{"name":"(anonymous_15)","decl":{"start":{"line":88,"column":42},"end":{"line":88,"column":43}},"loc":{"start":{"line":88,"column":53},"end":{"line":96,"column":3}},"line":88},"16":{"name":"(anonymous_16)","decl":{"start":{"line":92,"column":12},"end":{"line":92,"column":13}},"loc":{"start":{"line":92,"column":30},"end":{"line":94,"column":7}},"line":92},"17":{"name":"(anonymous_17)","decl":{"start":{"line":99,"column":8},"end":{"line":99,"column":9}},"loc":{"start":{"line":99,"column":28},"end":{"line":112,"column":1}},"line":99},"18":{"name":"(anonymous_18)","decl":{"start":{"line":102,"column":10},"end":{"line":102,"column":11}},"loc":{"start":{"line":102,"column":21},"end":{"line":110,"column":5}},"line":102},"19":{"name":"(anonymous_19)","decl":{"start":{"line":106,"column":14},"end":{"line":106,"column":15}},"loc":{"start":{"line":106,"column":32},"end":{"line":108,"column":9}},"line":106},"20":{"name":"(anonymous_20)","decl":{"start":{"line":116,"column":5},"end":{"line":116,"column":6}},"loc":{"start":{"line":116,"column":25},"end":{"line":123,"column":1}},"line":116},"21":{"name":"(anonymous_21)","decl":{"start":{"line":119,"column":10},"end":{"line":119,"column":11}},"loc":{"start":{"line":119,"column":21},"end":{"line":121,"column":5}},"line":119},"22":{"name":"(anonymous_22)","decl":{"start":{"line":125,"column":6},"end":{"line":125,"column":7}},"loc":{"start":{"line":125,"column":26},"end":{"line":136,"column":1}},"line":125},"23":{"name":"(anonymous_23)","decl":{"start":{"line":127,"column":42},"end":{"line":127,"column":43}},"loc":{"start":{"line":127,"column":53},"end":{"line":135,"column":3}},"line":127},"24":{"name":"(anonymous_24)","decl":{"start":{"line":131,"column":12},"end":{"line":131,"column":13}},"loc":{"start":{"line":131,"column":30},"end":{"line":133,"column":7}},"line":131},"25":{"name":"(anonymous_25)","decl":{"start":{"line":138,"column":8},"end":{"line":138,"column":9}},"loc":{"start":{"line":138,"column":28},"end":{"line":151,"column":1}},"line":138},"26":{"name":"(anonymous_26)","decl":{"start":{"line":141,"column":10},"end":{"line":141,"column":11}},"loc":{"start":{"line":141,"column":21},"end":{"line":149,"column":5}},"line":141},"27":{"name":"(anonymous_27)","decl":{"start":{"line":145,"column":14},"end":{"line":145,"column":15}},"loc":{"start":{"line":145,"column":32},"end":{"line":147,"column":9}},"line":145},"28":{"name":"(anonymous_28)","decl":{"start":{"line":155,"column":5},"end":{"line":155,"column":6}},"loc":{"start":{"line":155,"column":24},"end":{"line":161,"column":1}},"line":155},"29":{"name":"(anonymous_29)","decl":{"start":{"line":158,"column":8},"end":{"line":158,"column":9}},"loc":{"start":{"line":158,"column":19},"end":{"line":160,"column":3}},"line":158},"30":{"name":"(anonymous_30)","decl":{"start":{"line":163,"column":29},"end":{"line":163,"column":30}},"loc":{"start":{"line":163,"column":48},"end":{"line":182,"column":1}},"line":163},"31":{"name":"(anonymous_31)","decl":{"start":{"line":173,"column":10},"end":{"line":173,"column":11}},"loc":{"start":{"line":173,"column":18},"end":{"line":181,"column":3}},"line":173},"32":{"name":"(anonymous_32)","decl":{"start":{"line":176,"column":6},"end":{"line":176,"column":7}},"loc":{"start":{"line":176,"column":13},"end":{"line":179,"column":1}},"line":176},"33":{"name":"(anonymous_33)","decl":{"start":{"line":186,"column":5},"end":{"line":186,"column":6}},"loc":{"start":{"line":186,"column":22},"end":{"line":199,"column":1}},"line":186},"34":{"name":"(anonymous_34)","decl":{"start":{"line":189,"column":8},"end":{"line":189,"column":9}},"loc":{"start":{"line":189,"column":17},"end":{"line":197,"column":3}},"line":189},"35":{"name":"(anonymous_35)","decl":{"start":{"line":201,"column":5},"end":{"line":201,"column":6}},"loc":{"start":{"line":201,"column":24},"end":{"line":212,"column":1}},"line":201},"36":{"name":"(anonymous_36)","decl":{"start":{"line":203,"column":8},"end":{"line":203,"column":9}},"loc":{"start":{"line":203,"column":16},"end":{"line":211,"column":3}},"line":203},"37":{"name":"(anonymous_37)","decl":{"start":{"line":208,"column":11},"end":{"line":208,"column":12}},"loc":{"start":{"line":208,"column":28},"end":{"line":210,"column":5}},"line":208},"38":{"name":"(anonymous_38)","decl":{"start":{"line":214,"column":8},"end":{"line":214,"column":9}},"loc":{"start":{"line":214,"column":27},"end":{"line":219,"column":1}},"line":214},"39":{"name":"(anonymous_39)","decl":{"start":{"line":216,"column":8},"end":{"line":216,"column":9}},"loc":{"start":{"line":216,"column":18},"end":{"line":218,"column":3}},"line":216}},"branchMap":{"0":{"loc":{"start":{"line":9,"column":2},"end":{"line":14,"column":1}},"type":"if","locations":[{"start":{"line":9,"column":2},"end":{"line":14,"column":1}},{"start":{"line":9,"column":2},"end":{"line":14,"column":1}}],"line":9},"1":{"loc":{"start":{"line":25,"column":2},"end":{"line":29,"column":3}},"type":"if","locations":[{"start":{"line":25,"column":2},"end":{"line":29,"column":3}},{"start":{"line":25,"column":2},"end":{"line":29,"column":3}}],"line":25},"2":{"loc":{"start":{"line":55,"column":8},"end":{"line":61,"column":11}},"type":"if","locations":[{"start":{"line":55,"column":8},"end":{"line":61,"column":11}},{"start":{"line":55,"column":8},"end":{"line":61,"column":11}}],"line":55},"3":{"loc":{"start":{"line":190,"column":4},"end":{"line":196,"column":5}},"type":"if","locations":[{"start":{"line":190,"column":4},"end":{"line":196,"column":5}},{"start":{"line":190,"column":4},"end":{"line":196,"column":5}}],"line":190}},"s":{"0":1,"1":1,"2":1,"3":1,"4":1,"5":1,"6":0,"7":0,"8":0,"9":0,"10":0,"11":1,"12":1,"13":1,"14":0,"15":0,"16":0,"17":1,"18":1,"19":0,"20":0,"21":1,"22":0,"23":0,"24":0,"25":0,"26":0,"27":0,"28":0,"29":0,"30":1,"31":0,"32":0,"33":0,"34":0,"35":0,"36":0,"37":0,"38":0,"39":0,"40":0,"41":0,"42":1,"43":0,"44":0,"45":0,"46":0,"47":0,"48":0,"49":0,"50":0,"51":0,"52":0,"53":1,"54":0,"55":0,"56":0,"57":0,"58":0,"59":0,"60":0,"61":0,"62":1,"63":0,"64":0,"65":0,"66":0,"67":0,"68":0,"69":0,"70":0,"71":0,"72":0,"73":0,"74":1},"f":{"0":0,"1":0,"2":0,"3":1,"4":1,"5":1,"6":0,"7":0,"8":0,"9":0,"10":0,"11":0,"12":0,"13":0,"14":0,"15":0,"16":0,"17":0,"18":0,"19":0,"20":0,"21":0,"22":0,"23":0,"24":0,"25":0,"26":0,"27":0,"28":0,"29":0,"30":0,"31":0,"32":0,"33":0,"34":0,"35":0,"36":0,"37":0,"38":0,"39":0},"b":{"0":[0,0],"1":[0,1],"2":[0,0],"3":[0,0]},"_coverageSchema":"1a1c01bbd47fc00a2c39e90264f33305004495a9","hash":"8fb4f750858f1e6be148e27eb9e6aab92ca3b686"}
,"D:\\AgileGroup\\New folder (2)\\Davance-Backend\\router\\userRouter.js": {"path":"D:\\AgileGroup\\New folder (2)\\Davance-Backend\\router\\userRouter.js","statementMap":{"0":{"start":{"line":1,"column":16},"end":{"line":1,"column":34}},"1":{"start":{"line":2,"column":15},"end":{"line":2,"column":31}},"2":{"start":{"line":3,"column":15},"end":{"line":3,"column":34}},"3":{"start":{"line":4,"column":13},"end":{"line":4,"column":38}},"4":{"start":{"line":5,"column":12},"end":{"line":5,"column":35}},"5":{"start":{"line":6,"column":19},"end":{"line":6,"column":52}},"6":{"start":{"line":8,"column":0},"end":{"line":61,"column":2}},"7":{"start":{"line":9,"column":30},"end":{"line":9,"column":68}},"8":{"start":{"line":10,"column":2},"end":{"line":15,"column":3}},"9":{"start":{"line":11,"column":4},"end":{"line":14,"column":7}},"10":{"start":{"line":16,"column":62},"end":{"line":16,"column":70}},"11":{"start":{"line":17,"column":2},"end":{"line":60,"column":15}},"12":{"start":{"line":19,"column":6},"end":{"line":23,"column":7}},"13":{"start":{"line":20,"column":18},"end":{"line":20,"column":50}},"14":{"start":{"line":21,"column":8},"end":{"line":21,"column":25}},"15":{"start":{"line":22,"column":8},"end":{"line":22,"column":25}},"16":{"start":{"line":24,"column":6},"end":{"line":58,"column":20}},"17":{"start":{"line":27,"column":10},"end":{"line":57,"column":23}},"18":{"start":{"line":37,"column":26},"end":{"line":44,"column":13}},"19":{"start":{"line":45,"column":12},"end":{"line":55,"column":15}},"20":{"start":{"line":46,"column":16},"end":{"line":48,"column":17}},"21":{"start":{"line":47,"column":20},"end":{"line":47,"column":37}},"22":{"start":{"line":49,"column":16},"end":{"line":54,"column":19}},"23":{"start":{"line":62,"column":0},"end":{"line":101,"column":3}},"24":{"start":{"line":63,"column":31},"end":{"line":63,"column":39}},"25":{"start":{"line":64,"column":2},"end":{"line":100,"column":17}},"26":{"start":{"line":66,"column":6},"end":{"line":70,"column":7}},"27":{"start":{"line":67,"column":18},"end":{"line":67,"column":46}},"28":{"start":{"line":68,"column":8},"end":{"line":68,"column":25}},"29":{"start":{"line":69,"column":8},"end":{"line":69,"column":25}},"30":{"start":{"line":71,"column":6},"end":{"line":98,"column":21}},"31":{"start":{"line":74,"column":10},"end":{"line":78,"column":11}},"32":{"start":{"line":75,"column":22},"end":{"line":75,"column":58}},"33":{"start":{"line":76,"column":12},"end":{"line":76,"column":29}},"34":{"start":{"line":77,"column":12},"end":{"line":77,"column":29}},"35":{"start":{"line":79,"column":24},"end":{"line":85,"column":11}},"36":{"start":{"line":86,"column":10},"end":{"line":96,"column":13}},"37":{"start":{"line":87,"column":12},"end":{"line":89,"column":13}},"38":{"start":{"line":88,"column":14},"end":{"line":88,"column":31}},"39":{"start":{"line":90,"column":12},"end":{"line":95,"column":15}},"40":{"start":{"line":102,"column":0},"end":{"line":102,"column":24}}},"fnMap":{"0":{"name":"(anonymous_0)","decl":{"start":{"line":8,"column":25},"end":{"line":8,"column":26}},"loc":{"start":{"line":8,"column":45},"end":{"line":61,"column":1}},"line":8},"1":{"name":"(anonymous_1)","decl":{"start":{"line":18,"column":10},"end":{"line":18,"column":11}},"loc":{"start":{"line":18,"column":20},"end":{"line":60,"column":1}},"line":18},"2":{"name":"(anonymous_2)","decl":{"start":{"line":26,"column":14},"end":{"line":26,"column":15}},"loc":{"start":{"line":26,"column":26},"end":{"line":58,"column":5}},"line":26},"3":{"name":"(anonymous_3)","decl":{"start":{"line":36,"column":14},"end":{"line":36,"column":15}},"loc":{"start":{"line":36,"column":22},"end":{"line":57,"column":9}},"line":36},"4":{"name":"(anonymous_4)","decl":{"start":{"line":45,"column":50},"end":{"line":45,"column":51}},"loc":{"start":{"line":45,"column":64},"end":{"line":55,"column":13}},"line":45},"5":{"name":"(anonymous_5)","decl":{"start":{"line":62,"column":22},"end":{"line":62,"column":23}},"loc":{"start":{"line":62,"column":42},"end":{"line":101,"column":1}},"line":62},"6":{"name":"(anonymous_6)","decl":{"start":{"line":65,"column":10},"end":{"line":65,"column":11}},"loc":{"start":{"line":65,"column":20},"end":{"line":99,"column":5}},"line":65},"7":{"name":"(anonymous_7)","decl":{"start":{"line":73,"column":14},"end":{"line":73,"column":15}},"loc":{"start":{"line":73,"column":29},"end":{"line":97,"column":9}},"line":73},"8":{"name":"(anonymous_8)","decl":{"start":{"line":86,"column":48},"end":{"line":86,"column":49}},"loc":{"start":{"line":86,"column":64},"end":{"line":96,"column":11}},"line":86}},"branchMap":{"0":{"loc":{"start":{"line":10,"column":2},"end":{"line":15,"column":3}},"type":"if","locations":[{"start":{"line":10,"column":2},"end":{"line":15,"column":3}},{"start":{"line":10,"column":2},"end":{"line":15,"column":3}}],"line":10},"1":{"loc":{"start":{"line":19,"column":6},"end":{"line":23,"column":7}},"type":"if","locations":[{"start":{"line":19,"column":6},"end":{"line":23,"column":7}},{"start":{"line":19,"column":6},"end":{"line":23,"column":7}}],"line":19},"2":{"loc":{"start":{"line":46,"column":16},"end":{"line":48,"column":17}},"type":"if","locations":[{"start":{"line":46,"column":16},"end":{"line":48,"column":17}},{"start":{"line":46,"column":16},"end":{"line":48,"column":17}}],"line":46},"3":{"loc":{"start":{"line":66,"column":6},"end":{"line":70,"column":7}},"type":"if","locations":[{"start":{"line":66,"column":6},"end":{"line":70,"column":7}},{"start":{"line":66,"column":6},"end":{"line":70,"column":7}}],"line":66},"4":{"loc":{"start":{"line":74,"column":10},"end":{"line":78,"column":11}},"type":"if","locations":[{"start":{"line":74,"column":10},"end":{"line":78,"column":11}},{"start":{"line":74,"column":10},"end":{"line":78,"column":11}}],"line":74},"5":{"loc":{"start":{"line":87,"column":12},"end":{"line":89,"column":13}},"type":"if","locations":[{"start":{"line":87,"column":12},"end":{"line":89,"column":13}},{"start":{"line":87,"column":12},"end":{"line":89,"column":13}}],"line":87}},"s":{"0":2,"1":2,"2":2,"3":2,"4":2,"5":2,"6":2,"7":10,"8":10,"9":5,"10":10,"11":10,"12":10,"13":2,"14":2,"15":2,"16":8,"17":8,"18":2,"19":2,"20":2,"21":0,"22":2,"23":2,"24":4,"25":4,"26":4,"27":1,"28":1,"29":1,"30":3,"31":3,"32":1,"33":1,"34":1,"35":2,"36":2,"37":2,"38":0,"39":2,"40":2},"f":{"0":10,"1":10,"2":8,"3":2,"4":2,"5":4,"6":4,"7":3,"8":2},"b":{"0":[5,5],"1":[2,8],"2":[0,2],"3":[1,3],"4":[1,2],"5":[0,2]},"_coverageSchema":"1a1c01bbd47fc00a2c39e90264f33305004495a9","hash":"e32983a7eac7a13158698afb9c04d7d3b199895f"}
,"D:\\AgileGroup\\New folder (2)\\Davance-Backend\\tddTesting\\setup.js": {"path":"D:\\AgileGroup\\New folder (2)\\Davance-Backend\\tddTesting\\setup.js","statementMap":{"0":{"start":{"line":1,"column":17},"end":{"line":1,"column":36}},"1":{"start":{"line":2,"column":0},"end":{"line":14,"column":2}},"2":{"start":{"line":3,"column":4},"end":{"line":13,"column":6}},"3":{"start":{"line":8,"column":8},"end":{"line":8,"column":37}},"4":{"start":{"line":9,"column":8},"end":{"line":9,"column":15}},"5":{"start":{"line":11,"column":8},"end":{"line":11,"column":27}},"6":{"start":{"line":12,"column":8},"end":{"line":12,"column":24}},"7":{"start":{"line":16,"column":0},"end":{"line":21,"column":2}},"8":{"start":{"line":17,"column":4},"end":{"line":20,"column":7}},"9":{"start":{"line":18,"column":8},"end":{"line":18,"column":41}},"10":{"start":{"line":19,"column":8},"end":{"line":19,"column":15}}},"fnMap":{"0":{"name":"(anonymous_0)","decl":{"start":{"line":2,"column":10},"end":{"line":2,"column":11}},"loc":{"start":{"line":2,"column":20},"end":{"line":14,"column":1}},"line":2},"1":{"name":"(anonymous_1)","decl":{"start":{"line":7,"column":12},"end":{"line":7,"column":13}},"loc":{"start":{"line":7,"column":20},"end":{"line":10,"column":5}},"line":7},"2":{"name":"(anonymous_2)","decl":{"start":{"line":10,"column":13},"end":{"line":10,"column":14}},"loc":{"start":{"line":10,"column":22},"end":{"line":13,"column":5}},"line":10},"3":{"name":"(anonymous_3)","decl":{"start":{"line":16,"column":9},"end":{"line":16,"column":10}},"loc":{"start":{"line":16,"column":19},"end":{"line":21,"column":1}},"line":16},"4":{"name":"(anonymous_4)","decl":{"start":{"line":17,"column":31},"end":{"line":17,"column":32}},"loc":{"start":{"line":17,"column":37},"end":{"line":20,"column":5}},"line":17}},"branchMap":{},"s":{"0":2,"1":2,"2":2,"3":2,"4":2,"5":0,"6":0,"7":2,"8":2,"9":2,"10":2},"f":{"0":2,"1":2,"2":0,"3":2,"4":2},"b":{},"_coverageSchema":"1a1c01bbd47fc00a2c39e90264f33305004495a9","hash":"cd4545a0cf57965dbc682eafff3c212ea7f1d2a7"}
,"D:\\AgileGroup\\New folder (2)\\Davance-Backend\\validator\\validator.js": {"path":"D:\\AgileGroup\\New folder (2)\\Davance-Backend\\validator\\validator.js","statementMap":{"0":{"start":{"line":1,"column":18},"end":{"line":1,"column":38}},"1":{"start":{"line":3,"column":26},"end":{"line":34,"column":1}},"2":{"start":{"line":4,"column":15},"end":{"line":4,"column":17}},"3":{"start":{"line":5,"column":2},"end":{"line":11,"column":3}},"4":{"start":{"line":6,"column":4},"end":{"line":8,"column":5}},"5":{"start":{"line":7,"column":6},"end":{"line":7,"column":64}},"6":{"start":{"line":10,"column":4},"end":{"line":10,"column":46}},"7":{"start":{"line":12,"column":2},"end":{"line":20,"column":3}},"8":{"start":{"line":13,"column":4},"end":{"line":17,"column":5}},"9":{"start":{"line":14,"column":6},"end":{"line":14,"column":64}},"10":{"start":{"line":15,"column":11},"end":{"line":17,"column":5}},"11":{"start":{"line":16,"column":6},"end":{"line":16,"column":70}},"12":{"start":{"line":19,"column":4},"end":{"line":19,"column":46}},"13":{"start":{"line":22,"column":2},"end":{"line":28,"column":3}},"14":{"start":{"line":23,"column":4},"end":{"line":25,"column":5}},"15":{"start":{"line":24,"column":6},"end":{"line":24,"column":39}},"16":{"start":{"line":27,"column":4},"end":{"line":27,"column":39}},"17":{"start":{"line":30,"column":2},"end":{"line":33,"column":4}},"18":{"start":{"line":35,"column":0},"end":{"line":35,"column":39}}},"fnMap":{"0":{"name":"(anonymous_0)","decl":{"start":{"line":3,"column":26},"end":{"line":3,"column":27}},"loc":{"start":{"line":3,"column":36},"end":{"line":34,"column":1}},"line":3}},"branchMap":{"0":{"loc":{"start":{"line":5,"column":2},"end":{"line":11,"column":3}},"type":"if","locations":[{"start":{"line":5,"column":2},"end":{"line":11,"column":3}},{"start":{"line":5,"column":2},"end":{"line":11,"column":3}}],"line":5},"1":{"loc":{"start":{"line":6,"column":4},"end":{"line":8,"column":5}},"type":"if","locations":[{"start":{"line":6,"column":4},"end":{"line":8,"column":5}},{"start":{"line":6,"column":4},"end":{"line":8,"column":5}}],"line":6},"2":{"loc":{"start":{"line":12,"column":2},"end":{"line":20,"column":3}},"type":"if","locations":[{"start":{"line":12,"column":2},"end":{"line":20,"column":3}},{"start":{"line":12,"column":2},"end":{"line":20,"column":3}}],"line":12},"3":{"loc":{"start":{"line":13,"column":4},"end":{"line":17,"column":5}},"type":"if","locations":[{"start":{"line":13,"column":4},"end":{"line":17,"column":5}},{"start":{"line":13,"column":4},"end":{"line":17,"column":5}}],"line":13},"4":{"loc":{"start":{"line":15,"column":11},"end":{"line":17,"column":5}},"type":"if","locations":[{"start":{"line":15,"column":11},"end":{"line":17,"column":5}},{"start":{"line":15,"column":11},"end":{"line":17,"column":5}}],"line":15},"5":{"loc":{"start":{"line":22,"column":2},"end":{"line":28,"column":3}},"type":"if","locations":[{"start":{"line":22,"column":2},"end":{"line":28,"column":3}},{"start":{"line":22,"column":2},"end":{"line":28,"column":3}}],"line":22},"6":{"loc":{"start":{"line":23,"column":4},"end":{"line":25,"column":5}},"type":"if","locations":[{"start":{"line":23,"column":4},"end":{"line":25,"column":5}},{"start":{"line":23,"column":4},"end":{"line":25,"column":5}}],"line":23}},"s":{"0":2,"1":2,"2":10,"3":10,"4":9,"5":1,"6":1,"7":10,"8":9,"9":2,"10":7,"11":0,"12":1,"13":10,"14":6,"15":0,"16":4,"17":10,"18":2},"f":{"0":10},"b":{"0":[9,1],"1":[1,8],"2":[9,1],"3":[2,7],"4":[0,7],"5":[6,4],"6":[0,6]},"_coverageSchema":"1a1c01bbd47fc00a2c39e90264f33305004495a9","hash":"ba2cc7a83b3d279f9459968ff11247d5b2ecc969"}
}
