TN:
SF:models\User.js
FNF:0
FNH:0
DA:1,1
DA:3,1
DA:41,1
LF:3
LH:3
BRF:0
BRH:0
end_of_record
TN:
SF:router\userRouter.js
FN:8,(anonymous_0)
FN:18,(anonymous_1)
FN:26,(anonymous_2)
FN:36,(anonymous_3)
FN:45,(anonymous_4)
FN:62,(anonymous_5)
FN:65,(anonymous_6)
FN:73,(anonymous_7)
FN:86,(anonymous_8)
FNF:9
FNH:5
FNDA:2,(anonymous_0)
FNDA:1,(anonymous_1)
FNDA:1,(anonymous_2)
FNDA:1,(anonymous_3)
FNDA:1,(anonymous_4)
FNDA:0,(anonymous_5)
FNDA:0,(anonymous_6)
FNDA:0,(anonymous_7)
FNDA:0,(anonymous_8)
DA:1,1
DA:2,1
DA:3,1
DA:4,1
DA:5,1
DA:6,1
DA:8,1
DA:9,2
DA:10,2
DA:11,1
DA:16,2
DA:17,2
DA:19,1
DA:20,0
DA:21,0
DA:22,0
DA:24,1
DA:27,1
DA:37,1
DA:45,1
DA:46,1
DA:47,0
DA:49,1
DA:62,1
DA:63,0
DA:64,0
DA:66,0
DA:67,0
DA:68,0
DA:69,0
DA:71,0
DA:74,0
DA:75,0
DA:76,0
DA:77,0
DA:79,0
DA:86,0
DA:87,0
DA:88,0
DA:90,0
DA:102,1
LF:41
LH:21
BRDA:10,0,0,1
BRDA:10,0,1,1
BRDA:19,1,0,0
BRDA:19,1,1,1
BRDA:46,2,0,0
BRDA:46,2,1,1
BRDA:66,3,0,0
BRDA:66,3,1,0
BRDA:74,4,0,0
BRDA:74,4,1,0
BRDA:87,5,0,0
BRDA:87,5,1,0
BRF:12
BRH:4
end_of_record
TN:
SF:tddTesting\setup.js
FN:2,(anonymous_0)
FN:7,(anonymous_1)
FN:10,(anonymous_2)
FN:16,(anonymous_3)
FN:17,(anonymous_4)
FNF:5
FNH:4
FNDA:1,(anonymous_0)
FNDA:1,(anonymous_1)
FNDA:0,(anonymous_2)
FNDA:1,(anonymous_3)
FNDA:1,(anonymous_4)
DA:1,1
DA:2,1
DA:3,1
DA:8,1
DA:9,1
DA:11,0
DA:12,0
DA:16,1
DA:17,1
DA:18,1
DA:19,1
LF:11
LH:9
BRF:0
BRH:0
end_of_record
TN:
SF:validator\validator.js
FN:3,(anonymous_0)
FNF:1
FNH:1
FNDA:2,(anonymous_0)
DA:1,1
DA:3,1
DA:4,2
DA:5,2
DA:6,2
DA:7,0
DA:10,0
DA:12,2
DA:13,2
DA:14,0
DA:15,2
DA:16,0
DA:19,0
DA:22,2
DA:23,1
DA:24,0
DA:27,1
DA:30,2
DA:35,1
LF:19
LH:13
BRDA:5,0,0,2
BRDA:5,0,1,0
BRDA:6,1,0,0
BRDA:6,1,1,2
BRDA:12,2,0,2
BRDA:12,2,1,0
BRDA:13,3,0,0
BRDA:13,3,1,2
BRDA:15,4,0,0
BRDA:15,4,1,2
BRDA:22,5,0,1
BRDA:22,5,1,1
BRDA:23,6,0,0
BRDA:23,6,1,1
BRF:14
BRH:8
end_of_record
