TN:
SF:models\Guest.js
FNF:0
FNH:0
DA:1,2
DA:2,2
DA:71,2
LF:3
LH:3
BRF:0
BRH:0
end_of_record
TN:
SF:models\Hotel.js
FNF:0
FNH:0
DA:1,2
DA:2,2
DA:74,2
LF:3
LH:3
BRF:0
BRH:0
end_of_record
TN:
SF:models\Reservation.js
FNF:0
FNH:0
DA:1,2
DA:2,2
DA:32,2
LF:3
LH:3
BRF:0
BRH:0
end_of_record
TN:
SF:models\Review-Rating.js
FNF:0
FNH:0
DA:1,2
DA:2,2
DA:18,2
LF:3
LH:3
BRF:0
BRH:0
end_of_record
TN:
SF:models\Room.js
FNF:0
FNH:0
DA:1,2
DA:2,2
DA:46,2
LF:3
LH:3
BRF:0
BRH:0
end_of_record
TN:
SF:models\User.js
FNF:0
FNH:0
DA:1,3
DA:3,3
DA:41,3
LF:3
LH:3
BRF:0
BRH:0
end_of_record
TN:
SF:router\Authorization.js
FN:3,verifyUser
FN:12,(anonymous_1)
FN:22,verifyGuest
FN:35,verifyhotelOwner
FN:48,verifyAdmin
FNF:5
FNH:4
FNDA:54,verifyUser
FNDA:54,(anonymous_1)
FNDA:3,verifyGuest
FNDA:4,verifyhotelOwner
FNDA:0,verifyAdmin
DA:1,2
DA:4,54
DA:5,54
DA:6,0
DA:7,0
DA:8,0
DA:10,54
DA:11,54
DA:12,54
DA:13,54
DA:14,0
DA:15,0
DA:17,54
DA:18,54
DA:19,54
DA:23,3
DA:24,0
DA:25,0
DA:26,0
DA:27,3
DA:28,0
DA:29,0
DA:30,0
DA:32,3
DA:36,4
DA:37,0
DA:38,0
DA:39,0
DA:40,4
DA:41,0
DA:42,0
DA:43,0
DA:45,4
DA:49,0
DA:50,0
DA:51,0
DA:52,0
DA:53,0
DA:54,0
DA:55,0
DA:56,0
DA:58,0
DA:61,2
LF:43
LH:17
BRDA:5,0,0,0
BRDA:5,0,1,54
BRDA:13,1,0,0
BRDA:13,1,1,54
BRDA:23,2,0,0
BRDA:23,2,1,3
BRDA:27,3,0,0
BRDA:27,3,1,3
BRDA:36,4,0,0
BRDA:36,4,1,4
BRDA:40,5,0,0
BRDA:40,5,1,4
BRDA:49,6,0,0
BRDA:49,6,1,0
BRDA:53,7,0,0
BRDA:53,7,1,0
BRF:16
BRH:6
end_of_record
TN:
SF:router\guestRouter.js
FN:16,(anonymous_0)
FN:21,(anonymous_1)
FN:27,(anonymous_2)
FN:39,(anonymous_3)
FN:45,(anonymous_4)
FN:49,(anonymous_5)
FN:69,(anonymous_6)
FN:77,(anonymous_7)
FN:80,(anonymous_8)
FN:88,(anonymous_9)
FN:92,(anonymous_10)
FN:98,(anonymous_11)
FN:105,(anonymous_12)
FN:113,(anonymous_13)
FN:118,(anonymous_14)
FN:125,(anonymous_15)
FN:130,(anonymous_16)
FN:138,(anonymous_17)
FN:141,(anonymous_18)
FN:148,(anonymous_19)
FN:150,(anonymous_20)
FN:157,(anonymous_21)
FN:160,(anonymous_22)
FN:175,(anonymous_23)
FN:177,(anonymous_24)
FN:181,(anonymous_25)
FN:183,(anonymous_26)
FN:190,(anonymous_27)
FN:205,(anonymous_28)
FN:207,(anonymous_29)
FN:212,(anonymous_30)
FN:215,(anonymous_31)
FN:217,(anonymous_32)
FN:227,(anonymous_33)
FN:229,(anonymous_34)
FN:234,(anonymous_35)
FN:239,(anonymous_36)
FN:245,(anonymous_37)
FN:247,(anonymous_38)
FN:249,(anonymous_39)
FN:250,(anonymous_40)
FN:261,(anonymous_41)
FN:266,(anonymous_42)
FN:273,(anonymous_43)
FN:277,(anonymous_44)
FN:284,(anonymous_45)
FN:286,(anonymous_46)
FN:288,(anonymous_47)
FN:292,(anonymous_48)
FN:294,(anonymous_49)
FN:301,(anonymous_50)
FNF:51
FNH:22
FNDA:2,(anonymous_0)
FNDA:1,(anonymous_1)
FNDA:0,(anonymous_2)
FNDA:1,(anonymous_3)
FNDA:3,(anonymous_4)
FNDA:3,(anonymous_5)
FNDA:2,(anonymous_6)
FNDA:1,(anonymous_7)
FNDA:1,(anonymous_8)
FNDA:1,(anonymous_9)
FNDA:1,(anonymous_10)
FNDA:1,(anonymous_11)
FNDA:1,(anonymous_12)
FNDA:1,(anonymous_13)
FNDA:1,(anonymous_14)
FNDA:1,(anonymous_15)
FNDA:0,(anonymous_16)
FNDA:1,(anonymous_17)
FNDA:0,(anonymous_18)
FNDA:2,(anonymous_19)
FNDA:0,(anonymous_20)
FNDA:3,(anonymous_21)
FNDA:0,(anonymous_22)
FNDA:0,(anonymous_23)
FNDA:0,(anonymous_24)
FNDA:0,(anonymous_25)
FNDA:0,(anonymous_26)
FNDA:0,(anonymous_27)
FNDA:0,(anonymous_28)
FNDA:0,(anonymous_29)
FNDA:0,(anonymous_30)
FNDA:0,(anonymous_31)
FNDA:0,(anonymous_32)
FNDA:0,(anonymous_33)
FNDA:0,(anonymous_34)
FNDA:0,(anonymous_35)
FNDA:0,(anonymous_36)
FNDA:0,(anonymous_37)
FNDA:0,(anonymous_38)
FNDA:0,(anonymous_39)
FNDA:0,(anonymous_40)
FNDA:1,(anonymous_41)
FNDA:1,(anonymous_42)
FNDA:1,(anonymous_43)
FNDA:0,(anonymous_44)
FNDA:1,(anonymous_45)
FNDA:0,(anonymous_46)
FNDA:0,(anonymous_47)
FNDA:0,(anonymous_48)
FNDA:0,(anonymous_49)
FNDA:0,(anonymous_50)
DA:1,2
DA:2,2
DA:3,2
DA:4,2
DA:5,2
DA:6,2
DA:7,2
DA:8,2
DA:9,2
DA:10,2
DA:14,2
DA:17,2
DA:18,1
DA:22,1
DA:24,0
DA:28,0
DA:32,1
DA:37,1
DA:40,1
DA:47,3
DA:48,3
DA:50,3
DA:51,1
DA:52,1
DA:53,1
DA:56,2
DA:70,2
DA:78,1
DA:81,1
DA:86,2
DA:89,1
DA:93,1
DA:99,1
DA:106,1
DA:111,2
DA:114,1
DA:119,1
DA:124,2
DA:126,1
DA:131,0
DA:136,2
DA:139,1
DA:142,0
DA:146,2
DA:149,2
DA:151,0
DA:155,2
DA:158,3
DA:159,3
DA:161,0
DA:163,0
DA:164,0
DA:165,0
DA:169,0
DA:176,0
DA:178,0
DA:182,0
DA:184,0
DA:185,0
DA:186,0
DA:187,0
DA:192,0
DA:203,2
DA:206,0
DA:208,0
DA:213,0
DA:214,0
DA:216,0
DA:218,0
DA:219,0
DA:221,0
DA:225,2
DA:228,0
DA:230,0
DA:235,0
DA:240,0
DA:246,0
DA:248,0
DA:250,0
DA:251,0
DA:253,0
DA:255,0
DA:259,2
DA:262,1
DA:267,1
DA:271,2
DA:274,1
DA:278,0
DA:282,2
DA:285,1
DA:287,0
DA:289,0
DA:293,0
DA:295,0
DA:296,0
DA:297,0
DA:298,0
DA:303,0
DA:309,2
LF:99
LH:54
BRDA:17,0,0,1
BRDA:17,0,1,1
BRDA:22,1,0,0
BRDA:22,1,1,1
BRDA:50,2,0,1
BRDA:50,2,1,2
BRDA:161,3,0,0
BRDA:161,3,1,0
BRF:8
BRH:5
end_of_record
TN:
SF:router\hotelRouter.js
FN:10,(anonymous_0)
FN:15,(anonymous_1)
FN:22,(anonymous_2)
FN:27,(anonymous_3)
FN:35,(anonymous_4)
FN:42,(anonymous_5)
FN:51,(anonymous_6)
FN:57,(anonymous_7)
FN:61,(anonymous_8)
FN:76,(anonymous_9)
FN:84,(anonymous_10)
FN:86,(anonymous_11)
FN:94,(anonymous_12)
FN:99,(anonymous_13)
FN:111,(anonymous_14)
FN:117,(anonymous_15)
FN:125,(anonymous_16)
FN:127,(anonymous_17)
FN:133,(anonymous_18)
FN:135,(anonymous_19)
FN:139,(anonymous_20)
FN:146,(anonymous_21)
FN:148,(anonymous_22)
FN:152,(anonymous_23)
FN:162,(anonymous_24)
FN:164,(anonymous_25)
FN:170,(anonymous_26)
FN:171,(anonymous_27)
FN:175,(anonymous_28)
FN:182,(anonymous_29)
FN:184,(anonymous_30)
FN:188,(anonymous_31)
FN:197,(anonymous_32)
FN:199,(anonymous_33)
FN:205,(anonymous_34)
FN:206,(anonymous_35)
FN:210,(anonymous_36)
FN:217,(anonymous_37)
FN:231,(anonymous_38)
FN:251,(anonymous_39)
FN:255,(anonymous_40)
FN:262,(anonymous_41)
FN:266,(anonymous_42)
FN:273,(anonymous_43)
FN:276,(anonymous_44)
FN:282,(anonymous_45)
FN:293,(anonymous_46)
FN:295,(anonymous_47)
FN:307,(anonymous_48)
FN:310,(anonymous_49)
FN:322,(anonymous_50)
FN:324,(anonymous_51)
FN:330,(anonymous_52)
FN:338,(anonymous_53)
FN:340,(anonymous_54)
FNF:55
FNH:26
FNDA:0,(anonymous_0)
FNDA:0,(anonymous_1)
FNDA:0,(anonymous_2)
FNDA:0,(anonymous_3)
FNDA:1,(anonymous_4)
FNDA:1,(anonymous_5)
FNDA:1,(anonymous_6)
FNDA:3,(anonymous_7)
FNDA:3,(anonymous_8)
FNDA:0,(anonymous_9)
FNDA:1,(anonymous_10)
FNDA:1,(anonymous_11)
FNDA:2,(anonymous_12)
FNDA:0,(anonymous_13)
FNDA:1,(anonymous_14)
FNDA:0,(anonymous_15)
FNDA:1,(anonymous_16)
FNDA:0,(anonymous_17)
FNDA:1,(anonymous_18)
FNDA:0,(anonymous_19)
FNDA:0,(anonymous_20)
FNDA:1,(anonymous_21)
FNDA:0,(anonymous_22)
FNDA:0,(anonymous_23)
FNDA:1,(anonymous_24)
FNDA:0,(anonymous_25)
FNDA:1,(anonymous_26)
FNDA:0,(anonymous_27)
FNDA:0,(anonymous_28)
FNDA:1,(anonymous_29)
FNDA:0,(anonymous_30)
FNDA:0,(anonymous_31)
FNDA:1,(anonymous_32)
FNDA:0,(anonymous_33)
FNDA:1,(anonymous_34)
FNDA:0,(anonymous_35)
FNDA:0,(anonymous_36)
FNDA:2,(anonymous_37)
FNDA:4,(anonymous_38)
FNDA:1,(anonymous_39)
FNDA:0,(anonymous_40)
FNDA:1,(anonymous_41)
FNDA:0,(anonymous_42)
FNDA:1,(anonymous_43)
FNDA:0,(anonymous_44)
FNDA:1,(anonymous_45)
FNDA:0,(anonymous_46)
FNDA:0,(anonymous_47)
FNDA:2,(anonymous_48)
FNDA:0,(anonymous_49)
FNDA:1,(anonymous_50)
FNDA:0,(anonymous_51)
FNDA:0,(anonymous_52)
FNDA:1,(anonymous_53)
FNDA:0,(anonymous_54)
DA:1,2
DA:2,2
DA:3,2
DA:4,2
DA:5,2
DA:6,2
DA:8,2
DA:11,0
DA:16,0
DA:20,2
DA:23,0
DA:28,0
DA:33,2
DA:36,1
DA:37,1
DA:43,1
DA:47,1
DA:52,1
DA:59,3
DA:60,3
DA:62,3
DA:63,0
DA:64,0
DA:65,0
DA:67,3
DA:77,0
DA:85,1
DA:87,1
DA:92,2
DA:95,2
DA:100,0
DA:101,0
DA:103,0
DA:104,0
DA:105,0
DA:112,1
DA:118,0
DA:123,2
DA:126,1
DA:128,0
DA:134,1
DA:135,1
DA:136,0
DA:137,0
DA:140,0
DA:147,1
DA:149,0
DA:150,0
DA:153,0
DA:160,2
DA:163,1
DA:165,0
DA:171,1
DA:172,0
DA:173,0
DA:176,0
DA:183,1
DA:185,0
DA:186,0
DA:189,0
DA:195,2
DA:198,1
DA:200,0
DA:206,1
DA:207,0
DA:208,0
DA:211,0
DA:217,2
DA:218,2
DA:219,2
DA:220,0
DA:221,0
DA:223,0
DA:224,0
DA:225,0
DA:227,2
DA:231,2
DA:232,4
DA:233,4
DA:234,0
DA:235,0
DA:237,0
DA:238,0
DA:239,0
DA:241,0
DA:242,0
DA:243,0
DA:245,4
DA:249,2
DA:252,1
DA:256,0
DA:260,2
DA:263,1
DA:267,0
DA:271,2
DA:274,1
DA:277,0
DA:283,1
DA:284,1
DA:294,0
DA:296,0
DA:297,0
DA:300,0
DA:305,2
DA:308,2
DA:311,0
DA:312,0
DA:314,0
DA:315,0
DA:316,0
DA:323,1
DA:325,0
DA:331,0
DA:339,1
DA:341,0
DA:346,2
LF:116
LH:56
BRDA:36,0,0,1
BRDA:36,0,1,0
BRDA:62,1,0,0
BRDA:62,1,1,3
BRDA:100,2,0,0
BRDA:100,2,1,0
BRDA:220,3,0,0
BRDA:220,3,1,0
BRDA:234,4,0,0
BRDA:234,4,1,0
BRDA:238,5,0,0
BRDA:238,5,1,0
BRDA:311,6,0,0
BRDA:311,6,1,0
BRF:14
BRH:2
end_of_record
TN:
SF:router\userRouter.js
FN:8,(anonymous_0)
FN:18,(anonymous_1)
FN:26,(anonymous_2)
FN:36,(anonymous_3)
FN:45,(anonymous_4)
FN:62,(anonymous_5)
FN:65,(anonymous_6)
FN:73,(anonymous_7)
FN:86,(anonymous_8)
FNF:9
FNH:9
FNDA:15,(anonymous_0)
FNDA:15,(anonymous_1)
FNDA:13,(anonymous_2)
FNDA:7,(anonymous_3)
FNDA:7,(anonymous_4)
FNDA:7,(anonymous_5)
FNDA:7,(anonymous_6)
FNDA:6,(anonymous_7)
FNDA:5,(anonymous_8)
DA:1,3
DA:2,3
DA:3,3
DA:4,3
DA:5,3
DA:6,3
DA:8,3
DA:9,15
DA:10,15
DA:11,7
DA:16,15
DA:17,15
DA:19,15
DA:20,2
DA:21,2
DA:22,2
DA:24,13
DA:27,13
DA:37,7
DA:45,7
DA:46,7
DA:47,0
DA:49,7
DA:62,3
DA:63,7
DA:64,7
DA:66,7
DA:67,1
DA:68,1
DA:69,1
DA:71,6
DA:74,6
DA:75,1
DA:76,1
DA:77,1
DA:79,5
DA:86,5
DA:87,5
DA:88,0
DA:90,5
DA:102,3
LF:41
LH:39
BRDA:10,0,0,7
BRDA:10,0,1,8
BRDA:19,1,0,2
BRDA:19,1,1,13
BRDA:46,2,0,0
BRDA:46,2,1,7
BRDA:66,3,0,1
BRDA:66,3,1,6
BRDA:74,4,0,1
BRDA:74,4,1,5
BRDA:87,5,0,0
BRDA:87,5,1,5
BRF:12
BRH:10
end_of_record
TN:
SF:tddTesting\setup.js
FN:2,(anonymous_0)
FN:7,(anonymous_1)
FN:13,(anonymous_2)
FN:14,(anonymous_3)
FNF:4
FNH:4
FNDA:3,(anonymous_0)
FNDA:3,(anonymous_1)
FNDA:3,(anonymous_2)
FNDA:3,(anonymous_3)
DA:1,3
DA:2,3
DA:3,3
DA:8,3
DA:9,3
DA:13,3
DA:14,3
DA:15,3
DA:16,3
LF:9
LH:9
BRF:0
BRH:0
end_of_record
TN:
SF:validator\validator.js
FN:3,(anonymous_0)
FNF:1
FNH:1
FNDA:15,(anonymous_0)
DA:1,3
DA:3,3
DA:4,15
DA:5,15
DA:6,14
DA:7,1
DA:10,1
DA:12,15
DA:13,14
DA:14,2
DA:15,12
DA:16,1
DA:19,1
DA:22,15
DA:23,11
DA:24,1
DA:27,4
DA:30,15
DA:35,3
LF:19
LH:19
BRDA:5,0,0,14
BRDA:5,0,1,1
BRDA:6,1,0,1
BRDA:6,1,1,13
BRDA:12,2,0,14
BRDA:12,2,1,1
BRDA:13,3,0,2
BRDA:13,3,1,12
BRDA:15,4,0,1
BRDA:15,4,1,11
BRDA:22,5,0,11
BRDA:22,5,1,4
BRDA:23,6,0,1
BRDA:23,6,1,10
BRF:14
BRH:14
end_of_record
