TN:
SF:models\Hotel.js
FNF:0
FNH:0
DA:1,1
DA:2,1
DA:69,1
LF:3
LH:3
BRF:0
BRH:0
end_of_record
TN:
SF:models\Room.js
FNF:0
FNH:0
DA:1,1
DA:2,1
DA:41,1
LF:3
LH:3
BRF:0
BRH:0
end_of_record
TN:
SF:models\User.js
FNF:0
FNH:0
DA:1,2
DA:3,2
DA:41,2
LF:3
LH:3
BRF:0
BRH:0
end_of_record
TN:
SF:router\Authorization.js
FN:3,verifyUser
FN:12,(anonymous_1)
FN:22,verifyGuest
FN:35,verifyhotelOwner
FN:48,verifyAdmin
FNF:5
FNH:3
FNDA:1,verifyUser
FNDA:1,(anonymous_1)
FNDA:0,verifyGuest
FNDA:1,verifyhotelOwner
FNDA:0,verifyAdmin
DA:1,1
DA:4,1
DA:5,1
DA:6,0
DA:7,0
DA:8,0
DA:10,1
DA:11,1
DA:12,1
DA:13,1
DA:14,0
DA:15,0
DA:17,1
DA:18,1
DA:19,1
DA:23,0
DA:24,0
DA:25,0
DA:26,0
DA:27,0
DA:28,0
DA:29,0
DA:30,0
DA:32,0
DA:36,1
DA:37,0
DA:38,0
DA:39,0
DA:40,1
DA:41,0
DA:42,0
DA:43,0
DA:45,1
DA:49,0
DA:50,0
DA:51,0
DA:52,0
DA:53,0
DA:54,0
DA:55,0
DA:56,0
DA:58,0
DA:61,1
LF:43
LH:14
BRDA:5,0,0,0
BRDA:5,0,1,1
BRDA:13,1,0,0
BRDA:13,1,1,1
BRDA:23,2,0,0
BRDA:23,2,1,0
BRDA:27,3,0,0
BRDA:27,3,1,0
BRDA:36,4,0,0
BRDA:36,4,1,1
BRDA:40,5,0,0
BRDA:40,5,1,1
BRDA:49,6,0,0
BRDA:49,6,1,0
BRDA:53,7,0,0
BRDA:53,7,1,0
BRF:16
BRH:4
end_of_record
TN:
SF:router\hotelRouter.js
FN:8,(anonymous_0)
FN:11,(anonymous_1)
FN:16,(anonymous_2)
FN:21,(anonymous_3)
FN:24,(anonymous_4)
FN:32,(anonymous_5)
FN:41,(anonymous_6)
FN:43,(anonymous_7)
FN:51,(anonymous_8)
FN:54,(anonymous_9)
FN:66,(anonymous_10)
FN:68,(anonymous_11)
FN:77,(anonymous_12)
FN:80,(anonymous_13)
FN:86,(anonymous_14)
FN:88,(anonymous_15)
FN:92,(anonymous_16)
FN:99,(anonymous_17)
FN:102,(anonymous_18)
FN:106,(anonymous_19)
FN:116,(anonymous_20)
FN:119,(anonymous_21)
FN:125,(anonymous_22)
FN:127,(anonymous_23)
FN:131,(anonymous_24)
FN:138,(anonymous_25)
FN:141,(anonymous_26)
FN:145,(anonymous_27)
FN:155,(anonymous_28)
FN:158,(anonymous_29)
FN:163,(anonymous_30)
FN:173,(anonymous_31)
FN:176,(anonymous_32)
FN:186,(anonymous_33)
FN:189,(anonymous_34)
FN:201,(anonymous_35)
FN:203,(anonymous_36)
FN:208,(anonymous_37)
FN:214,(anonymous_38)
FN:216,(anonymous_39)
FNF:40
FNH:3
FNDA:0,(anonymous_0)
FNDA:0,(anonymous_1)
FNDA:0,(anonymous_2)
FNDA:1,(anonymous_3)
FNDA:1,(anonymous_4)
FNDA:1,(anonymous_5)
FNDA:0,(anonymous_6)
FNDA:0,(anonymous_7)
FNDA:0,(anonymous_8)
FNDA:0,(anonymous_9)
FNDA:0,(anonymous_10)
FNDA:0,(anonymous_11)
FNDA:0,(anonymous_12)
FNDA:0,(anonymous_13)
FNDA:0,(anonymous_14)
FNDA:0,(anonymous_15)
FNDA:0,(anonymous_16)
FNDA:0,(anonymous_17)
FNDA:0,(anonymous_18)
FNDA:0,(anonymous_19)
FNDA:0,(anonymous_20)
FNDA:0,(anonymous_21)
FNDA:0,(anonymous_22)
FNDA:0,(anonymous_23)
FNDA:0,(anonymous_24)
FNDA:0,(anonymous_25)
FNDA:0,(anonymous_26)
FNDA:0,(anonymous_27)
FNDA:0,(anonymous_28)
FNDA:0,(anonymous_29)
FNDA:0,(anonymous_30)
FNDA:0,(anonymous_31)
FNDA:0,(anonymous_32)
FNDA:0,(anonymous_33)
FNDA:0,(anonymous_34)
FNDA:0,(anonymous_35)
FNDA:0,(anonymous_36)
FNDA:0,(anonymous_37)
FNDA:0,(anonymous_38)
FNDA:0,(anonymous_39)
DA:1,1
DA:2,1
DA:3,1
DA:4,1
DA:5,1
DA:7,1
DA:9,0
DA:10,0
DA:12,0
DA:15,0
DA:17,0
DA:22,1
DA:23,1
DA:25,1
DA:26,0
DA:27,0
DA:28,0
DA:30,1
DA:34,1
DA:42,0
DA:44,0
DA:50,1
DA:52,0
DA:55,0
DA:56,0
DA:58,0
DA:59,0
DA:60,0
DA:67,0
DA:69,0
DA:75,1
DA:78,0
DA:81,0
DA:87,0
DA:88,0
DA:89,0
DA:90,0
DA:93,0
DA:101,0
DA:103,0
DA:104,0
DA:107,0
DA:114,1
DA:117,0
DA:120,0
DA:127,0
DA:128,0
DA:129,0
DA:132,0
DA:140,0
DA:142,0
DA:143,0
DA:146,0
DA:153,1
DA:156,0
DA:159,0
DA:164,0
DA:165,0
DA:174,0
DA:177,0
DA:178,0
DA:180,0
DA:184,1
DA:187,0
DA:190,0
DA:191,0
DA:193,0
DA:194,0
DA:195,0
DA:202,0
DA:204,0
DA:209,0
DA:215,0
DA:217,0
DA:221,1
LF:75
LH:17
BRDA:9,0,0,0
BRDA:9,0,1,0
BRDA:25,1,0,0
BRDA:25,1,1,1
BRDA:55,2,0,0
BRDA:55,2,1,0
BRDA:190,3,0,0
BRDA:190,3,1,0
BRF:8
BRH:1
end_of_record
TN:
SF:router\userRouter.js
FN:8,(anonymous_0)
FN:18,(anonymous_1)
FN:26,(anonymous_2)
FN:36,(anonymous_3)
FN:45,(anonymous_4)
FN:62,(anonymous_5)
FN:65,(anonymous_6)
FN:73,(anonymous_7)
FN:86,(anonymous_8)
FNF:9
FNH:9
FNDA:10,(anonymous_0)
FNDA:10,(anonymous_1)
FNDA:8,(anonymous_2)
FNDA:2,(anonymous_3)
FNDA:2,(anonymous_4)
FNDA:4,(anonymous_5)
FNDA:4,(anonymous_6)
FNDA:3,(anonymous_7)
FNDA:2,(anonymous_8)
DA:1,2
DA:2,2
DA:3,2
DA:4,2
DA:5,2
DA:6,2
DA:8,2
DA:9,10
DA:10,10
DA:11,5
DA:16,10
DA:17,10
DA:19,10
DA:20,2
DA:21,2
DA:22,2
DA:24,8
DA:27,8
DA:37,2
DA:45,2
DA:46,2
DA:47,0
DA:49,2
DA:62,2
DA:63,4
DA:64,4
DA:66,4
DA:67,1
DA:68,1
DA:69,1
DA:71,3
DA:74,3
DA:75,1
DA:76,1
DA:77,1
DA:79,2
DA:86,2
DA:87,2
DA:88,0
DA:90,2
DA:102,2
LF:41
LH:39
BRDA:10,0,0,5
BRDA:10,0,1,5
BRDA:19,1,0,2
BRDA:19,1,1,8
BRDA:46,2,0,0
BRDA:46,2,1,2
BRDA:66,3,0,1
BRDA:66,3,1,3
BRDA:74,4,0,1
BRDA:74,4,1,2
BRDA:87,5,0,0
BRDA:87,5,1,2
BRF:12
BRH:10
end_of_record
TN:
SF:tddTesting\setup.js
FN:2,(anonymous_0)
FN:7,(anonymous_1)
FN:10,(anonymous_2)
FN:16,(anonymous_3)
FN:17,(anonymous_4)
FNF:5
FNH:4
FNDA:2,(anonymous_0)
FNDA:2,(anonymous_1)
FNDA:0,(anonymous_2)
FNDA:2,(anonymous_3)
FNDA:2,(anonymous_4)
DA:1,2
DA:2,2
DA:3,2
DA:8,2
DA:9,2
DA:11,0
DA:12,0
DA:16,2
DA:17,2
DA:18,2
DA:19,2
LF:11
LH:9
BRF:0
BRH:0
end_of_record
TN:
SF:validator\validator.js
FN:3,(anonymous_0)
FNF:1
FNH:1
FNDA:10,(anonymous_0)
DA:1,2
DA:3,2
DA:4,10
DA:5,10
DA:6,9
DA:7,1
DA:10,1
DA:12,10
DA:13,9
DA:14,2
DA:15,7
DA:16,0
DA:19,1
DA:22,10
DA:23,6
DA:24,0
DA:27,4
DA:30,10
DA:35,2
LF:19
LH:17
BRDA:5,0,0,9
BRDA:5,0,1,1
BRDA:6,1,0,1
BRDA:6,1,1,8
BRDA:12,2,0,9
BRDA:12,2,1,1
BRDA:13,3,0,2
BRDA:13,3,1,7
BRDA:15,4,0,0
BRDA:15,4,1,7
BRDA:22,5,0,6
BRDA:22,5,1,4
BRDA:23,6,0,0
BRDA:23,6,1,6
BRF:14
BRH:12
end_of_record
